{"/Users/helena/Desktop/Fem Coders/Proyecto Individual/B-Care/src/components/Button/Button.jsx": {"path":"/Users/helena/Desktop/Fem Coders/Proyecto Individual/B-Care/src/components/Button/Button.jsx","statementMap":{"0":{"start":{"line":4,"column":15},"end":{"line":21,"column":1}},"1":{"start":{"line":12,"column":2},"end":{"line":20,"column":4}},"2":{"start":{"line":16,"column":42},"end":{"line":16,"column":69}}},"fnMap":{"0":{"name":"(anonymous_0)","decl":{"start":{"line":4,"column":15},"end":{"line":4,"column":16}},"loc":{"start":{"line":11,"column":6},"end":{"line":21,"column":1}},"line":11},"1":{"name":"(anonymous_1)","decl":{"start":{"line":16,"column":35},"end":{"line":16,"column":36}},"loc":{"start":{"line":16,"column":42},"end":{"line":16,"column":69}},"line":16}},"branchMap":{"0":{"loc":{"start":{"line":16,"column":15},"end":{"line":16,"column":70}},"type":"cond-expr","locations":[{"start":{"line":16,"column":25},"end":{"line":16,"column":32}},{"start":{"line":16,"column":35},"end":{"line":16,"column":70}}],"line":16}},"s":{"0":1,"1":1,"2":0},"f":{"0":1,"1":0},"b":{"0":[1,0]},"_coverageSchema":"1a1c01bbd47fc00a2c39e90264f33305004495a9","hash":"0d52eed4ae5fbe5e77339d840700b01fd70c87fe"}
,"/Users/helena/Desktop/Fem Coders/Proyecto Individual/B-Care/src/components/Card/Card.jsx": {"path":"/Users/helena/Desktop/Fem Coders/Proyecto Individual/B-Care/src/components/Card/Card.jsx","statementMap":{"0":{"start":{"line":4,"column":13},"end":{"line":14,"column":1}},"1":{"start":{"line":5,"column":2},"end":{"line":13,"column":4}}},"fnMap":{"0":{"name":"(anonymous_0)","decl":{"start":{"line":4,"column":13},"end":{"line":4,"column":14}},"loc":{"start":{"line":4,"column":51},"end":{"line":14,"column":1}},"line":4}},"branchMap":{},"s":{"0":1,"1":1},"f":{"0":1},"b":{},"_coverageSchema":"1a1c01bbd47fc00a2c39e90264f33305004495a9","hash":"331a66ee325d9a78a14dae7e65a107712e47a9ea"}
,"/Users/helena/Desktop/Fem Coders/Proyecto Individual/B-Care/src/components/Footer/Footer.jsx": {"path":"/Users/helena/Desktop/Fem Coders/Proyecto Individual/B-Care/src/components/Footer/Footer.jsx","statementMap":{"0":{"start":{"line":5,"column":15},"end":{"line":21,"column":1}},"1":{"start":{"line":6,"column":31},"end":{"line":8,"column":3}},"2":{"start":{"line":7,"column":4},"end":{"line":7,"column":37}},"3":{"start":{"line":10,"column":2},"end":{"line":20,"column":4}}},"fnMap":{"0":{"name":"(anonymous_0)","decl":{"start":{"line":5,"column":15},"end":{"line":5,"column":16}},"loc":{"start":{"line":5,"column":21},"end":{"line":21,"column":1}},"line":5},"1":{"name":"(anonymous_1)","decl":{"start":{"line":6,"column":31},"end":{"line":6,"column":32}},"loc":{"start":{"line":6,"column":37},"end":{"line":8,"column":3}},"line":6}},"branchMap":{},"s":{"0":1,"1":1,"2":1,"3":1},"f":{"0":1,"1":1},"b":{},"_coverageSchema":"1a1c01bbd47fc00a2c39e90264f33305004495a9","hash":"d319de9bd9006c90c9e07a6ba563f4856616bddb"}
,"/Users/helena/Desktop/Fem Coders/Proyecto Individual/B-Care/src/components/InteractiveText/InteractiveText.jsx": {"path":"/Users/helena/Desktop/Fem Coders/Proyecto Individual/B-Care/src/components/InteractiveText/InteractiveText.jsx","statementMap":{"0":{"start":{"line":7,"column":26},"end":{"line":7,"column":38}},"1":{"start":{"line":8,"column":50},"end":{"line":8,"column":65}},"2":{"start":{"line":9,"column":36},"end":{"line":9,"column":51}},"3":{"start":{"line":11,"column":38},"end":{"line":14,"column":4}},"4":{"start":{"line":16,"column":27},"end":{"line":27,"column":3}},"5":{"start":{"line":17,"column":4},"end":{"line":26,"column":5}},"6":{"start":{"line":18,"column":23},"end":{"line":18,"column":38}},"7":{"start":{"line":19,"column":6},"end":{"line":23,"column":7}},"8":{"start":{"line":20,"column":25},"end":{"line":20,"column":46}},"9":{"start":{"line":21,"column":8},"end":{"line":21,"column":26}},"10":{"start":{"line":22,"column":8},"end":{"line":22,"column":47}},"11":{"start":{"line":25,"column":6},"end":{"line":25,"column":57}},"12":{"start":{"line":29,"column":2},"end":{"line":31,"column":9}},"13":{"start":{"line":30,"column":4},"end":{"line":30,"column":23}},"14":{"start":{"line":33,"column":2},"end":{"line":41,"column":29}},"15":{"start":{"line":34,"column":4},"end":{"line":36,"column":5}},"16":{"start":{"line":35,"column":6},"end":{"line":35,"column":25}},"17":{"start":{"line":38,"column":4},"end":{"line":40,"column":5}},"18":{"start":{"line":39,"column":6},"end":{"line":39,"column":32}},"19":{"start":{"line":43,"column":2},"end":{"line":61,"column":4}}},"fnMap":{"0":{"name":"InteractiveText","decl":{"start":{"line":6,"column":9},"end":{"line":6,"column":24}},"loc":{"start":{"line":6,"column":40},"end":{"line":62,"column":1}},"line":6},"1":{"name":"(anonymous_1)","decl":{"start":{"line":16,"column":27},"end":{"line":16,"column":28}},"loc":{"start":{"line":16,"column":39},"end":{"line":27,"column":3}},"line":16},"2":{"name":"(anonymous_2)","decl":{"start":{"line":29,"column":12},"end":{"line":29,"column":13}},"loc":{"start":{"line":29,"column":18},"end":{"line":31,"column":3}},"line":29},"3":{"name":"(anonymous_3)","decl":{"start":{"line":33,"column":12},"end":{"line":33,"column":13}},"loc":{"start":{"line":33,"column":18},"end":{"line":41,"column":3}},"line":33}},"branchMap":{"0":{"loc":{"start":{"line":19,"column":6},"end":{"line":23,"column":7}},"type":"if","locations":[{"start":{"line":19,"column":6},"end":{"line":23,"column":7}},{"start":{},"end":{}}],"line":19},"1":{"loc":{"start":{"line":19,"column":10},"end":{"line":19,"column":63}},"type":"binary-expr","locations":[{"start":{"line":19,"column":10},"end":{"line":19,"column":18}},{"start":{"line":19,"column":22},"end":{"line":19,"column":35}},{"start":{"line":19,"column":39},"end":{"line":19,"column":63}}],"line":19},"2":{"loc":{"start":{"line":34,"column":4},"end":{"line":36,"column":5}},"type":"if","locations":[{"start":{"line":34,"column":4},"end":{"line":36,"column":5}},{"start":{},"end":{}}],"line":34},"3":{"loc":{"start":{"line":38,"column":4},"end":{"line":40,"column":5}},"type":"if","locations":[{"start":{"line":38,"column":4},"end":{"line":40,"column":5}},{"start":{},"end":{}}],"line":38},"4":{"loc":{"start":{"line":38,"column":8},"end":{"line":38,"column":31}},"type":"binary-expr","locations":[{"start":{"line":38,"column":8},"end":{"line":38,"column":18}},{"start":{"line":38,"column":22},"end":{"line":38,"column":31}}],"line":38},"5":{"loc":{"start":{"line":45,"column":7},"end":{"line":59,"column":7}},"type":"cond-expr","locations":[{"start":{"line":46,"column":8},"end":{"line":46,"column":26}},{"start":{"line":47,"column":10},"end":{"line":59,"column":7}}],"line":45},"6":{"loc":{"start":{"line":47,"column":10},"end":{"line":59,"column":7}},"type":"cond-expr","locations":[{"start":{"line":48,"column":8},"end":{"line":48,"column":26}},{"start":{"line":49,"column":10},"end":{"line":59,"column":7}}],"line":47},"7":{"loc":{"start":{"line":49,"column":10},"end":{"line":59,"column":7}},"type":"cond-expr","locations":[{"start":{"line":50,"column":8},"end":{"line":50,"column":53}},{"start":{"line":51,"column":10},"end":{"line":59,"column":7}}],"line":49},"8":{"loc":{"start":{"line":51,"column":10},"end":{"line":59,"column":7}},"type":"cond-expr","locations":[{"start":{"line":52,"column":8},"end":{"line":52,"column":47}},{"start":{"line":54,"column":8},"end":{"line":58,"column":11}}],"line":51},"9":{"loc":{"start":{"line":55,"column":11},"end":{"line":55,"column":40}},"type":"binary-expr","locations":[{"start":{"line":55,"column":11},"end":{"line":55,"column":15}},{"start":{"line":55,"column":19},"end":{"line":55,"column":40}}],"line":55}},"s":{"0":16,"1":16,"2":16,"3":16,"4":16,"5":5,"6":5,"7":5,"8":5,"9":5,"10":5,"11":0,"12":16,"13":5,"14":16,"15":8,"16":4,"17":8,"18":1,"19":16},"f":{"0":16,"1":5,"2":5,"3":8},"b":{"0":[5,0],"1":[5,5,5],"2":[4,4],"3":[1,7],"4":[8,4],"5":[8,8],"6":[2,6],"7":[2,4],"8":[1,3],"9":[3,2]},"_coverageSchema":"1a1c01bbd47fc00a2c39e90264f33305004495a9","hash":"ebaed386e21cef0433687e7bca2559f2eb369500"}
,"/Users/helena/Desktop/Fem Coders/Proyecto Individual/B-Care/src/config/urls.jsx": {"path":"/Users/helena/Desktop/Fem Coders/Proyecto Individual/B-Care/src/config/urls.jsx","statementMap":{"0":{"start":{"line":1,"column":24},"end":{"line":1,"column":55}},"1":{"start":{"line":2,"column":35},"end":{"line":2,"column":60}},"2":{"start":{"line":3,"column":27},"end":{"line":3,"column":52}},"3":{"start":{"line":4,"column":29},"end":{"line":4,"column":51}},"4":{"start":{"line":5,"column":26},"end":{"line":5,"column":45}}},"fnMap":{},"branchMap":{},"s":{"0":1,"1":1,"2":1,"3":1,"4":1},"f":{},"b":{},"_coverageSchema":"1a1c01bbd47fc00a2c39e90264f33305004495a9","hash":"206266fb4faf31c5075b5c0f4ae3dc730a3841ad"}
,"/Users/helena/Desktop/Fem Coders/Proyecto Individual/B-Care/src/services/useApi.jsx": {"path":"/Users/helena/Desktop/Fem Coders/Proyecto Individual/B-Care/src/services/useApi.jsx","statementMap":{"0":{"start":{"line":4,"column":15},"end":{"line":44,"column":1}},"1":{"start":{"line":5,"column":26},"end":{"line":5,"column":40}},"2":{"start":{"line":6,"column":32},"end":{"line":6,"column":47}},"3":{"start":{"line":7,"column":28},"end":{"line":7,"column":42}},"4":{"start":{"line":9,"column":18},"end":{"line":36,"column":3}},"5":{"start":{"line":11,"column":6},"end":{"line":11,"column":23}},"6":{"start":{"line":12,"column":6},"end":{"line":12,"column":21}},"7":{"start":{"line":14,"column":6},"end":{"line":33,"column":7}},"8":{"start":{"line":15,"column":22},"end":{"line":15,"column":51}},"9":{"start":{"line":17,"column":25},"end":{"line":24,"column":10}},"10":{"start":{"line":26,"column":8},"end":{"line":26,"column":31}},"11":{"start":{"line":27,"column":8},"end":{"line":27,"column":26}},"12":{"start":{"line":28,"column":8},"end":{"line":28,"column":24}},"13":{"start":{"line":30,"column":8},"end":{"line":30,"column":65}},"14":{"start":{"line":31,"column":8},"end":{"line":31,"column":26}},"15":{"start":{"line":32,"column":8},"end":{"line":32,"column":18}},"16":{"start":{"line":38,"column":2},"end":{"line":43,"column":4}}},"fnMap":{"0":{"name":"(anonymous_0)","decl":{"start":{"line":4,"column":15},"end":{"line":4,"column":16}},"loc":{"start":{"line":4,"column":52},"end":{"line":44,"column":1}},"line":4},"1":{"name":"(anonymous_1)","decl":{"start":{"line":10,"column":4},"end":{"line":10,"column":5}},"loc":{"start":{"line":10,"column":27},"end":{"line":34,"column":5}},"line":10}},"branchMap":{"0":{"loc":{"start":{"line":4,"column":31},"end":{"line":4,"column":45}},"type":"default-arg","locations":[{"start":{"line":4,"column":40},"end":{"line":4,"column":45}}],"line":4},"1":{"loc":{"start":{"line":10,"column":11},"end":{"line":10,"column":22}},"type":"default-arg","locations":[{"start":{"line":10,"column":18},"end":{"line":10,"column":22}}],"line":10},"2":{"loc":{"start":{"line":22,"column":27},"end":{"line":22,"column":56}},"type":"cond-expr","locations":[{"start":{"line":22,"column":35},"end":{"line":22,"column":51}},{"start":{"line":22,"column":54},"end":{"line":22,"column":56}}],"line":22},"3":{"loc":{"start":{"line":30,"column":17},"end":{"line":30,"column":63}},"type":"cond-expr","locations":[{"start":{"line":30,"column":32},"end":{"line":30,"column":49}},{"start":{"line":30,"column":52},"end":{"line":30,"column":63}}],"line":30}},"s":{"0":1,"1":0,"2":0,"3":0,"4":0,"5":0,"6":0,"7":0,"8":0,"9":0,"10":0,"11":0,"12":0,"13":0,"14":0,"15":0,"16":0},"f":{"0":0,"1":0},"b":{"0":[0],"1":[0],"2":[0,0],"3":[0,0]},"_coverageSchema":"1a1c01bbd47fc00a2c39e90264f33305004495a9","hash":"fa5dc0b11f7e0179c97392cc2bca381ff438ed58"}
}
