{"/Users/helena/Desktop/Fem Coders/Proyecto Individual/B-Care/src/components/Button/Button.jsx": {"path":"/Users/helena/Desktop/Fem Coders/Proyecto Individual/B-Care/src/components/Button/Button.jsx","statementMap":{"0":{"start":{"line":4,"column":15},"end":{"line":21,"column":1}},"1":{"start":{"line":12,"column":2},"end":{"line":20,"column":4}},"2":{"start":{"line":16,"column":42},"end":{"line":16,"column":69}}},"fnMap":{"0":{"name":"(anonymous_0)","decl":{"start":{"line":4,"column":15},"end":{"line":4,"column":16}},"loc":{"start":{"line":11,"column":6},"end":{"line":21,"column":1}},"line":11},"1":{"name":"(anonymous_1)","decl":{"start":{"line":16,"column":35},"end":{"line":16,"column":36}},"loc":{"start":{"line":16,"column":42},"end":{"line":16,"column":69}},"line":16}},"branchMap":{"0":{"loc":{"start":{"line":16,"column":15},"end":{"line":16,"column":70}},"type":"cond-expr","locations":[{"start":{"line":16,"column":25},"end":{"line":16,"column":32}},{"start":{"line":16,"column":35},"end":{"line":16,"column":70}}],"line":16}},"s":{"0":3,"1":31,"2":1},"f":{"0":31,"1":1},"b":{"0":[30,1]},"_coverageSchema":"1a1c01bbd47fc00a2c39e90264f33305004495a9","hash":"0d52eed4ae5fbe5e77339d840700b01fd70c87fe"}
,"/Users/helena/Desktop/Fem Coders/Proyecto Individual/B-Care/src/components/ButtonWithIcon/ButtonWithIcon.jsx": {"path":"/Users/helena/Desktop/Fem Coders/Proyecto Individual/B-Care/src/components/ButtonWithIcon/ButtonWithIcon.jsx","statementMap":{"0":{"start":{"line":4,"column":23},"end":{"line":29,"column":1}},"1":{"start":{"line":5,"column":2},"end":{"line":28,"column":4}}},"fnMap":{"0":{"name":"(anonymous_0)","decl":{"start":{"line":4,"column":23},"end":{"line":4,"column":24}},"loc":{"start":{"line":4,"column":53},"end":{"line":29,"column":1}},"line":4}},"branchMap":{"0":{"loc":{"start":{"line":10,"column":12},"end":{"line":10,"column":51}},"type":"cond-expr","locations":[{"start":{"line":10,"column":26},"end":{"line":10,"column":35}},{"start":{"line":10,"column":38},"end":{"line":10,"column":51}}],"line":10},"1":{"loc":{"start":{"line":18,"column":11},"end":{"line":24,"column":11}},"type":"binary-expr","locations":[{"start":{"line":18,"column":11},"end":{"line":18,"column":22}},{"start":{"line":19,"column":12},"end":{"line":23,"column":15}}],"line":18}},"s":{"0":1,"1":2},"f":{"0":2},"b":{"0":[1,1],"1":[2,1]},"_coverageSchema":"1a1c01bbd47fc00a2c39e90264f33305004495a9","hash":"ff4594381a7b3922816f2febde99cedb146ef5db"}
,"/Users/helena/Desktop/Fem Coders/Proyecto Individual/B-Care/src/components/Card/Card.jsx": {"path":"/Users/helena/Desktop/Fem Coders/Proyecto Individual/B-Care/src/components/Card/Card.jsx","statementMap":{"0":{"start":{"line":4,"column":13},"end":{"line":14,"column":1}},"1":{"start":{"line":5,"column":2},"end":{"line":13,"column":4}}},"fnMap":{"0":{"name":"(anonymous_0)","decl":{"start":{"line":4,"column":13},"end":{"line":4,"column":14}},"loc":{"start":{"line":4,"column":51},"end":{"line":14,"column":1}},"line":4}},"branchMap":{},"s":{"0":1,"1":1},"f":{"0":1},"b":{},"_coverageSchema":"1a1c01bbd47fc00a2c39e90264f33305004495a9","hash":"331a66ee325d9a78a14dae7e65a107712e47a9ea"}
,"/Users/helena/Desktop/Fem Coders/Proyecto Individual/B-Care/src/components/Footer/Footer.jsx": {"path":"/Users/helena/Desktop/Fem Coders/Proyecto Individual/B-Care/src/components/Footer/Footer.jsx","statementMap":{"0":{"start":{"line":5,"column":15},"end":{"line":21,"column":1}},"1":{"start":{"line":6,"column":31},"end":{"line":8,"column":3}},"2":{"start":{"line":7,"column":4},"end":{"line":7,"column":37}},"3":{"start":{"line":10,"column":2},"end":{"line":20,"column":4}}},"fnMap":{"0":{"name":"(anonymous_0)","decl":{"start":{"line":5,"column":15},"end":{"line":5,"column":16}},"loc":{"start":{"line":5,"column":21},"end":{"line":21,"column":1}},"line":5},"1":{"name":"(anonymous_1)","decl":{"start":{"line":6,"column":31},"end":{"line":6,"column":32}},"loc":{"start":{"line":6,"column":37},"end":{"line":8,"column":3}},"line":6}},"branchMap":{},"s":{"0":1,"1":1,"2":1,"3":1},"f":{"0":1,"1":1},"b":{},"_coverageSchema":"1a1c01bbd47fc00a2c39e90264f33305004495a9","hash":"d319de9bd9006c90c9e07a6ba563f4856616bddb"}
,"/Users/helena/Desktop/Fem Coders/Proyecto Individual/B-Care/src/components/InteractiveText/InteractiveText.jsx": {"path":"/Users/helena/Desktop/Fem Coders/Proyecto Individual/B-Care/src/components/InteractiveText/InteractiveText.jsx","statementMap":{"0":{"start":{"line":7,"column":26},"end":{"line":7,"column":38}},"1":{"start":{"line":8,"column":50},"end":{"line":8,"column":65}},"2":{"start":{"line":9,"column":36},"end":{"line":9,"column":51}},"3":{"start":{"line":11,"column":38},"end":{"line":14,"column":4}},"4":{"start":{"line":16,"column":27},"end":{"line":27,"column":3}},"5":{"start":{"line":17,"column":4},"end":{"line":26,"column":5}},"6":{"start":{"line":18,"column":23},"end":{"line":18,"column":38}},"7":{"start":{"line":19,"column":6},"end":{"line":23,"column":7}},"8":{"start":{"line":20,"column":25},"end":{"line":20,"column":46}},"9":{"start":{"line":21,"column":8},"end":{"line":21,"column":26}},"10":{"start":{"line":22,"column":8},"end":{"line":22,"column":47}},"11":{"start":{"line":25,"column":6},"end":{"line":25,"column":57}},"12":{"start":{"line":29,"column":2},"end":{"line":31,"column":9}},"13":{"start":{"line":30,"column":4},"end":{"line":30,"column":23}},"14":{"start":{"line":33,"column":2},"end":{"line":41,"column":29}},"15":{"start":{"line":34,"column":4},"end":{"line":36,"column":5}},"16":{"start":{"line":35,"column":6},"end":{"line":35,"column":25}},"17":{"start":{"line":38,"column":4},"end":{"line":40,"column":5}},"18":{"start":{"line":39,"column":6},"end":{"line":39,"column":32}},"19":{"start":{"line":43,"column":2},"end":{"line":61,"column":4}}},"fnMap":{"0":{"name":"InteractiveText","decl":{"start":{"line":6,"column":9},"end":{"line":6,"column":24}},"loc":{"start":{"line":6,"column":40},"end":{"line":62,"column":1}},"line":6},"1":{"name":"(anonymous_1)","decl":{"start":{"line":16,"column":27},"end":{"line":16,"column":28}},"loc":{"start":{"line":16,"column":39},"end":{"line":27,"column":3}},"line":16},"2":{"name":"(anonymous_2)","decl":{"start":{"line":29,"column":12},"end":{"line":29,"column":13}},"loc":{"start":{"line":29,"column":18},"end":{"line":31,"column":3}},"line":29},"3":{"name":"(anonymous_3)","decl":{"start":{"line":33,"column":12},"end":{"line":33,"column":13}},"loc":{"start":{"line":33,"column":18},"end":{"line":41,"column":3}},"line":33}},"branchMap":{"0":{"loc":{"start":{"line":19,"column":6},"end":{"line":23,"column":7}},"type":"if","locations":[{"start":{"line":19,"column":6},"end":{"line":23,"column":7}},{"start":{},"end":{}}],"line":19},"1":{"loc":{"start":{"line":19,"column":10},"end":{"line":19,"column":63}},"type":"binary-expr","locations":[{"start":{"line":19,"column":10},"end":{"line":19,"column":18}},{"start":{"line":19,"column":22},"end":{"line":19,"column":35}},{"start":{"line":19,"column":39},"end":{"line":19,"column":63}}],"line":19},"2":{"loc":{"start":{"line":34,"column":4},"end":{"line":36,"column":5}},"type":"if","locations":[{"start":{"line":34,"column":4},"end":{"line":36,"column":5}},{"start":{},"end":{}}],"line":34},"3":{"loc":{"start":{"line":38,"column":4},"end":{"line":40,"column":5}},"type":"if","locations":[{"start":{"line":38,"column":4},"end":{"line":40,"column":5}},{"start":{},"end":{}}],"line":38},"4":{"loc":{"start":{"line":38,"column":8},"end":{"line":38,"column":31}},"type":"binary-expr","locations":[{"start":{"line":38,"column":8},"end":{"line":38,"column":18}},{"start":{"line":38,"column":22},"end":{"line":38,"column":31}}],"line":38},"5":{"loc":{"start":{"line":45,"column":7},"end":{"line":59,"column":7}},"type":"cond-expr","locations":[{"start":{"line":46,"column":8},"end":{"line":46,"column":26}},{"start":{"line":47,"column":10},"end":{"line":59,"column":7}}],"line":45},"6":{"loc":{"start":{"line":47,"column":10},"end":{"line":59,"column":7}},"type":"cond-expr","locations":[{"start":{"line":48,"column":8},"end":{"line":48,"column":26}},{"start":{"line":49,"column":10},"end":{"line":59,"column":7}}],"line":47},"7":{"loc":{"start":{"line":49,"column":10},"end":{"line":59,"column":7}},"type":"cond-expr","locations":[{"start":{"line":50,"column":8},"end":{"line":50,"column":53}},{"start":{"line":51,"column":10},"end":{"line":59,"column":7}}],"line":49},"8":{"loc":{"start":{"line":51,"column":10},"end":{"line":59,"column":7}},"type":"cond-expr","locations":[{"start":{"line":52,"column":8},"end":{"line":52,"column":47}},{"start":{"line":54,"column":8},"end":{"line":58,"column":11}}],"line":51},"9":{"loc":{"start":{"line":55,"column":11},"end":{"line":55,"column":40}},"type":"binary-expr","locations":[{"start":{"line":55,"column":11},"end":{"line":55,"column":15}},{"start":{"line":55,"column":19},"end":{"line":55,"column":40}}],"line":55}},"s":{"0":16,"1":16,"2":16,"3":16,"4":16,"5":5,"6":5,"7":5,"8":5,"9":5,"10":5,"11":0,"12":16,"13":5,"14":16,"15":8,"16":4,"17":8,"18":1,"19":16},"f":{"0":16,"1":5,"2":5,"3":8},"b":{"0":[5,0],"1":[5,5,5],"2":[4,4],"3":[1,7],"4":[8,4],"5":[8,8],"6":[2,6],"7":[2,4],"8":[1,3],"9":[3,2]},"_coverageSchema":"1a1c01bbd47fc00a2c39e90264f33305004495a9","hash":"ebaed386e21cef0433687e7bca2559f2eb369500"}
,"/Users/helena/Desktop/Fem Coders/Proyecto Individual/B-Care/src/config/urls.jsx": {"path":"/Users/helena/Desktop/Fem Coders/Proyecto Individual/B-Care/src/config/urls.jsx","statementMap":{"0":{"start":{"line":1,"column":24},"end":{"line":1,"column":55}},"1":{"start":{"line":2,"column":35},"end":{"line":2,"column":60}},"2":{"start":{"line":3,"column":27},"end":{"line":3,"column":52}},"3":{"start":{"line":4,"column":29},"end":{"line":4,"column":51}},"4":{"start":{"line":5,"column":26},"end":{"line":5,"column":45}}},"fnMap":{},"branchMap":{},"s":{"0":2,"1":2,"2":2,"3":2,"4":2},"f":{},"b":{},"_coverageSchema":"1a1c01bbd47fc00a2c39e90264f33305004495a9","hash":"206266fb4faf31c5075b5c0f4ae3dc730a3841ad"}
,"/Users/helena/Desktop/Fem Coders/Proyecto Individual/B-Care/src/layout/Layout.jsx": {"path":"/Users/helena/Desktop/Fem Coders/Proyecto Individual/B-Care/src/layout/Layout.jsx","statementMap":{"0":{"start":{"line":5,"column":15},"end":{"line":17,"column":1}},"1":{"start":{"line":6,"column":23},"end":{"line":6,"column":36}},"2":{"start":{"line":7,"column":30},"end":{"line":7,"column":67}},"3":{"start":{"line":9,"column":2},"end":{"line":16,"column":4}}},"fnMap":{"0":{"name":"(anonymous_0)","decl":{"start":{"line":5,"column":15},"end":{"line":5,"column":16}},"loc":{"start":{"line":5,"column":21},"end":{"line":17,"column":1}},"line":5}},"branchMap":{"0":{"loc":{"start":{"line":14,"column":7},"end":{"line":14,"column":46}},"type":"cond-expr","locations":[{"start":{"line":14,"column":29},"end":{"line":14,"column":33}},{"start":{"line":14,"column":36},"end":{"line":14,"column":46}}],"line":14}},"s":{"0":1,"1":2,"2":2,"3":2},"f":{"0":2},"b":{"0":[1,1]},"_coverageSchema":"1a1c01bbd47fc00a2c39e90264f33305004495a9","hash":"93d93c77a8c284787f896371175dc47727a4908e"}
,"/Users/helena/Desktop/Fem Coders/Proyecto Individual/B-Care/src/pages/EditPreferences/EditPreferences.jsx": {"path":"/Users/helena/Desktop/Fem Coders/Proyecto Individual/B-Care/src/pages/EditPreferences/EditPreferences.jsx","statementMap":{"0":{"start":{"line":9,"column":24},"end":{"line":225,"column":1}},"1":{"start":{"line":10,"column":34},"end":{"line":10,"column":46}},"2":{"start":{"line":11,"column":40},"end":{"line":11,"column":52}},"3":{"start":{"line":12,"column":30},"end":{"line":12,"column":44}},"4":{"start":{"line":13,"column":40},"end":{"line":13,"column":54}},"5":{"start":{"line":14,"column":28},"end":{"line":14,"column":42}},"6":{"start":{"line":15,"column":36},"end":{"line":15,"column":51}},"7":{"start":{"line":16,"column":19},"end":{"line":16,"column":32}},"8":{"start":{"line":23,"column":6},"end":{"line":26,"column":4}},"9":{"start":{"line":28,"column":2},"end":{"line":47,"column":16}},"10":{"start":{"line":29,"column":29},"end":{"line":44,"column":5}},"11":{"start":{"line":30,"column":6},"end":{"line":43,"column":7}},"12":{"start":{"line":31,"column":25},"end":{"line":31,"column":40}},"13":{"start":{"line":32,"column":32},"end":{"line":32,"column":48}},"14":{"start":{"line":33,"column":8},"end":{"line":33,"column":40}},"15":{"start":{"line":34,"column":8},"end":{"line":34,"column":38}},"16":{"start":{"line":35,"column":8},"end":{"line":39,"column":10}},"17":{"start":{"line":41,"column":8},"end":{"line":41,"column":70}},"18":{"start":{"line":42,"column":8},"end":{"line":42,"column":60}},"19":{"start":{"line":46,"column":4},"end":{"line":46,"column":23}},"20":{"start":{"line":49,"column":25},"end":{"line":95,"column":3}},"21":{"start":{"line":50,"column":4},"end":{"line":53,"column":5}},"22":{"start":{"line":51,"column":6},"end":{"line":51,"column":48}},"23":{"start":{"line":52,"column":6},"end":{"line":52,"column":13}},"24":{"start":{"line":55,"column":4},"end":{"line":58,"column":5}},"25":{"start":{"line":56,"column":6},"end":{"line":56,"column":48}},"26":{"start":{"line":57,"column":6},"end":{"line":57,"column":13}},"27":{"start":{"line":60,"column":4},"end":{"line":63,"column":5}},"28":{"start":{"line":61,"column":6},"end":{"line":61,"column":57}},"29":{"start":{"line":62,"column":6},"end":{"line":62,"column":13}},"30":{"start":{"line":65,"column":4},"end":{"line":94,"column":5}},"31":{"start":{"line":66,"column":33},"end":{"line":66,"column":77}},"32":{"start":{"line":68,"column":20},"end":{"line":68,"column":49}},"33":{"start":{"line":69,"column":21},"end":{"line":73,"column":7}},"34":{"start":{"line":75,"column":18},"end":{"line":75,"column":44}},"35":{"start":{"line":77,"column":6},"end":{"line":77,"column":74}},"36":{"start":{"line":79,"column":6},"end":{"line":79,"column":53}},"37":{"start":{"line":80,"column":6},"end":{"line":80,"column":25}},"38":{"start":{"line":81,"column":6},"end":{"line":83,"column":15}},"39":{"start":{"line":82,"column":8},"end":{"line":82,"column":28}},"40":{"start":{"line":85,"column":6},"end":{"line":85,"column":22}},"41":{"start":{"line":86,"column":6},"end":{"line":86,"column":21}},"42":{"start":{"line":87,"column":6},"end":{"line":87,"column":52}},"43":{"start":{"line":89,"column":6},"end":{"line":92,"column":8}},"44":{"start":{"line":93,"column":6},"end":{"line":93,"column":73}},"45":{"start":{"line":97,"column":28},"end":{"line":135,"column":3}},"46":{"start":{"line":98,"column":4},"end":{"line":101,"column":5}},"47":{"start":{"line":99,"column":6},"end":{"line":99,"column":48}},"48":{"start":{"line":100,"column":6},"end":{"line":100,"column":13}},"49":{"start":{"line":103,"column":4},"end":{"line":134,"column":5}},"50":{"start":{"line":104,"column":38},"end":{"line":106,"column":7}},"51":{"start":{"line":105,"column":18},"end":{"line":105,"column":32}},"52":{"start":{"line":109,"column":8},"end":{"line":111,"column":16}},"53":{"start":{"line":113,"column":20},"end":{"line":113,"column":49}},"54":{"start":{"line":114,"column":21},"end":{"line":118,"column":7}},"55":{"start":{"line":120,"column":18},"end":{"line":120,"column":44}},"56":{"start":{"line":122,"column":6},"end":{"line":122,"column":74}},"57":{"start":{"line":124,"column":6},"end":{"line":126,"column":8}},"58":{"start":{"line":127,"column":6},"end":{"line":127,"column":53}},"59":{"start":{"line":129,"column":6},"end":{"line":132,"column":8}},"60":{"start":{"line":133,"column":6},"end":{"line":133,"column":74}},"61":{"start":{"line":137,"column":24},"end":{"line":142,"column":3}},"62":{"start":{"line":138,"column":4},"end":{"line":141,"column":5}},"63":{"start":{"line":139,"column":6},"end":{"line":139,"column":25}},"64":{"start":{"line":140,"column":6},"end":{"line":140,"column":23}},"65":{"start":{"line":144,"column":23},"end":{"line":146,"column":3}},"66":{"start":{"line":145,"column":4},"end":{"line":145,"column":27}},"67":{"start":{"line":148,"column":2},"end":{"line":150,"column":3}},"68":{"start":{"line":149,"column":4},"end":{"line":149,"column":29}},"69":{"start":{"line":152,"column":2},"end":{"line":154,"column":3}},"70":{"start":{"line":153,"column":4},"end":{"line":153,"column":57}},"71":{"start":{"line":156,"column":2},"end":{"line":224,"column":4}},"72":{"start":{"line":165,"column":16},"end":{"line":173,"column":21}},"73":{"start":{"line":168,"column":35},"end":{"line":168,"column":59}},"74":{"start":{"line":185,"column":29},"end":{"line":185,"column":56}}},"fnMap":{"0":{"name":"(anonymous_0)","decl":{"start":{"line":9,"column":24},"end":{"line":9,"column":25}},"loc":{"start":{"line":9,"column":30},"end":{"line":225,"column":1}},"line":9},"1":{"name":"(anonymous_1)","decl":{"start":{"line":28,"column":12},"end":{"line":28,"column":13}},"loc":{"start":{"line":28,"column":18},"end":{"line":47,"column":3}},"line":28},"2":{"name":"(anonymous_2)","decl":{"start":{"line":29,"column":29},"end":{"line":29,"column":30}},"loc":{"start":{"line":29,"column":41},"end":{"line":44,"column":5}},"line":29},"3":{"name":"(anonymous_3)","decl":{"start":{"line":49,"column":25},"end":{"line":49,"column":26}},"loc":{"start":{"line":49,"column":37},"end":{"line":95,"column":3}},"line":49},"4":{"name":"(anonymous_4)","decl":{"start":{"line":81,"column":17},"end":{"line":81,"column":18}},"loc":{"start":{"line":81,"column":23},"end":{"line":83,"column":7}},"line":81},"5":{"name":"(anonymous_5)","decl":{"start":{"line":97,"column":28},"end":{"line":97,"column":29}},"loc":{"start":{"line":97,"column":45},"end":{"line":135,"column":3}},"line":97},"6":{"name":"(anonymous_6)","decl":{"start":{"line":105,"column":8},"end":{"line":105,"column":9}},"loc":{"start":{"line":105,"column":18},"end":{"line":105,"column":32}},"line":105},"7":{"name":"(anonymous_7)","decl":{"start":{"line":137,"column":24},"end":{"line":137,"column":25}},"loc":{"start":{"line":137,"column":31},"end":{"line":142,"column":3}},"line":137},"8":{"name":"(anonymous_8)","decl":{"start":{"line":144,"column":23},"end":{"line":144,"column":24}},"loc":{"start":{"line":144,"column":29},"end":{"line":146,"column":3}},"line":144},"9":{"name":"(anonymous_9)","decl":{"start":{"line":164,"column":31},"end":{"line":164,"column":32}},"loc":{"start":{"line":165,"column":16},"end":{"line":173,"column":21}},"line":165},"10":{"name":"(anonymous_10)","decl":{"start":{"line":168,"column":29},"end":{"line":168,"column":30}},"loc":{"start":{"line":168,"column":35},"end":{"line":168,"column":59}},"line":168},"11":{"name":"(anonymous_11)","decl":{"start":{"line":185,"column":22},"end":{"line":185,"column":23}},"loc":{"start":{"line":185,"column":29},"end":{"line":185,"column":56}},"line":185}},"branchMap":{"0":{"loc":{"start":{"line":36,"column":10},"end":{"line":38,"column":16}},"type":"cond-expr","locations":[{"start":{"line":37,"column":14},"end":{"line":37,"column":53}},{"start":{"line":38,"column":14},"end":{"line":38,"column":16}}],"line":36},"1":{"loc":{"start":{"line":50,"column":4},"end":{"line":53,"column":5}},"type":"if","locations":[{"start":{"line":50,"column":4},"end":{"line":53,"column":5}},{"start":{},"end":{}}],"line":50},"2":{"loc":{"start":{"line":55,"column":4},"end":{"line":58,"column":5}},"type":"if","locations":[{"start":{"line":55,"column":4},"end":{"line":58,"column":5}},{"start":{},"end":{}}],"line":55},"3":{"loc":{"start":{"line":60,"column":4},"end":{"line":63,"column":5}},"type":"if","locations":[{"start":{"line":60,"column":4},"end":{"line":63,"column":5}},{"start":{},"end":{}}],"line":60},"4":{"loc":{"start":{"line":91,"column":8},"end":{"line":91,"column":41}},"type":"binary-expr","locations":[{"start":{"line":91,"column":8},"end":{"line":91,"column":26}},{"start":{"line":91,"column":30},"end":{"line":91,"column":41}}],"line":91},"5":{"loc":{"start":{"line":93,"column":15},"end":{"line":93,"column":71}},"type":"binary-expr","locations":[{"start":{"line":93,"column":15},"end":{"line":93,"column":33}},{"start":{"line":93,"column":37},"end":{"line":93,"column":71}}],"line":93},"6":{"loc":{"start":{"line":98,"column":4},"end":{"line":101,"column":5}},"type":"if","locations":[{"start":{"line":98,"column":4},"end":{"line":101,"column":5}},{"start":{},"end":{}}],"line":98},"7":{"loc":{"start":{"line":109,"column":8},"end":{"line":111,"column":16}},"type":"cond-expr","locations":[{"start":{"line":110,"column":12},"end":{"line":110,"column":46}},{"start":{"line":111,"column":12},"end":{"line":111,"column":16}}],"line":109},"8":{"loc":{"start":{"line":125,"column":8},"end":{"line":125,"column":73}},"type":"cond-expr","locations":[{"start":{"line":125,"column":45},"end":{"line":125,"column":68}},{"start":{"line":125,"column":71},"end":{"line":125,"column":73}}],"line":125},"9":{"loc":{"start":{"line":131,"column":8},"end":{"line":131,"column":41}},"type":"binary-expr","locations":[{"start":{"line":131,"column":8},"end":{"line":131,"column":26}},{"start":{"line":131,"column":30},"end":{"line":131,"column":41}}],"line":131},"10":{"loc":{"start":{"line":133,"column":15},"end":{"line":133,"column":72}},"type":"binary-expr","locations":[{"start":{"line":133,"column":15},"end":{"line":133,"column":33}},{"start":{"line":133,"column":37},"end":{"line":133,"column":72}}],"line":133},"11":{"loc":{"start":{"line":138,"column":4},"end":{"line":141,"column":5}},"type":"if","locations":[{"start":{"line":138,"column":4},"end":{"line":141,"column":5}},{"start":{},"end":{}}],"line":138},"12":{"loc":{"start":{"line":148,"column":2},"end":{"line":150,"column":3}},"type":"if","locations":[{"start":{"line":148,"column":2},"end":{"line":150,"column":3}},{"start":{},"end":{}}],"line":148},"13":{"loc":{"start":{"line":152,"column":2},"end":{"line":154,"column":3}},"type":"if","locations":[{"start":{"line":152,"column":2},"end":{"line":154,"column":3}},{"start":{},"end":{}}],"line":152},"14":{"loc":{"start":{"line":162,"column":11},"end":{"line":178,"column":11}},"type":"cond-expr","locations":[{"start":{"line":163,"column":12},"end":{"line":175,"column":17}},{"start":{"line":177,"column":12},"end":{"line":177,"column":76}}],"line":162},"15":{"loc":{"start":{"line":201,"column":9},"end":{"line":205,"column":9}},"type":"binary-expr","locations":[{"start":{"line":201,"column":9},"end":{"line":201,"column":14}},{"start":{"line":202,"column":10},"end":{"line":204,"column":14}}],"line":201},"16":{"loc":{"start":{"line":203,"column":13},"end":{"line":203,"column":70}},"type":"cond-expr","locations":[{"start":{"line":203,"column":41},"end":{"line":203,"column":62}},{"start":{"line":203,"column":65},"end":{"line":203,"column":70}}],"line":203},"17":{"loc":{"start":{"line":218,"column":7},"end":{"line":222,"column":7}},"type":"binary-expr","locations":[{"start":{"line":218,"column":7},"end":{"line":218,"column":16}},{"start":{"line":219,"column":8},"end":{"line":221,"column":14}}],"line":218}},"s":{"0":1,"1":14,"2":14,"3":14,"4":14,"5":14,"6":14,"7":14,"8":14,"9":14,"10":4,"11":4,"12":4,"13":4,"14":4,"15":4,"16":4,"17":0,"18":0,"19":4,"20":14,"21":3,"22":0,"23":0,"24":3,"25":1,"26":1,"27":2,"28":1,"29":1,"30":1,"31":1,"32":1,"33":1,"34":1,"35":1,"36":1,"37":1,"38":1,"39":0,"40":1,"41":1,"42":1,"43":0,"44":0,"45":14,"46":1,"47":0,"48":0,"49":1,"50":1,"51":2,"52":1,"53":1,"54":1,"55":1,"56":1,"57":1,"58":1,"59":0,"60":0,"61":14,"62":0,"63":0,"64":0,"65":14,"66":0,"67":14,"68":0,"69":14,"70":0,"71":14,"72":20,"73":1,"74":2},"f":{"0":14,"1":4,"2":4,"3":3,"4":0,"5":1,"6":2,"7":0,"8":0,"9":20,"10":1,"11":2},"b":{"0":[4,0],"1":[0,3],"2":[1,2],"3":[1,1],"4":[0,0],"5":[0,0],"6":[0,1],"7":[1,0],"8":[1,0],"9":[0,0],"10":[0,0],"11":[0,0],"12":[0,14],"13":[0,14],"14":[10,4],"15":[14,2],"16":[0,2],"17":[14,1]},"_coverageSchema":"1a1c01bbd47fc00a2c39e90264f33305004495a9","hash":"5f929e89f4821e1c93f9e5fd80bc98ef342ba684"}
,"/Users/helena/Desktop/Fem Coders/Proyecto Individual/B-Care/src/services/useApi.jsx": {"path":"/Users/helena/Desktop/Fem Coders/Proyecto Individual/B-Care/src/services/useApi.jsx","statementMap":{"0":{"start":{"line":4,"column":15},"end":{"line":44,"column":1}},"1":{"start":{"line":5,"column":26},"end":{"line":5,"column":40}},"2":{"start":{"line":6,"column":32},"end":{"line":6,"column":47}},"3":{"start":{"line":7,"column":28},"end":{"line":7,"column":42}},"4":{"start":{"line":9,"column":18},"end":{"line":36,"column":3}},"5":{"start":{"line":11,"column":6},"end":{"line":11,"column":23}},"6":{"start":{"line":12,"column":6},"end":{"line":12,"column":21}},"7":{"start":{"line":14,"column":6},"end":{"line":33,"column":7}},"8":{"start":{"line":15,"column":22},"end":{"line":15,"column":51}},"9":{"start":{"line":17,"column":25},"end":{"line":24,"column":10}},"10":{"start":{"line":26,"column":8},"end":{"line":26,"column":31}},"11":{"start":{"line":27,"column":8},"end":{"line":27,"column":26}},"12":{"start":{"line":28,"column":8},"end":{"line":28,"column":24}},"13":{"start":{"line":30,"column":8},"end":{"line":30,"column":65}},"14":{"start":{"line":31,"column":8},"end":{"line":31,"column":26}},"15":{"start":{"line":32,"column":8},"end":{"line":32,"column":18}},"16":{"start":{"line":38,"column":2},"end":{"line":43,"column":4}}},"fnMap":{"0":{"name":"(anonymous_0)","decl":{"start":{"line":4,"column":15},"end":{"line":4,"column":16}},"loc":{"start":{"line":4,"column":52},"end":{"line":44,"column":1}},"line":4},"1":{"name":"(anonymous_1)","decl":{"start":{"line":10,"column":4},"end":{"line":10,"column":5}},"loc":{"start":{"line":10,"column":27},"end":{"line":34,"column":5}},"line":10}},"branchMap":{"0":{"loc":{"start":{"line":4,"column":31},"end":{"line":4,"column":45}},"type":"default-arg","locations":[{"start":{"line":4,"column":40},"end":{"line":4,"column":45}}],"line":4},"1":{"loc":{"start":{"line":10,"column":11},"end":{"line":10,"column":22}},"type":"default-arg","locations":[{"start":{"line":10,"column":18},"end":{"line":10,"column":22}}],"line":10},"2":{"loc":{"start":{"line":22,"column":27},"end":{"line":22,"column":56}},"type":"cond-expr","locations":[{"start":{"line":22,"column":35},"end":{"line":22,"column":51}},{"start":{"line":22,"column":54},"end":{"line":22,"column":56}}],"line":22},"3":{"loc":{"start":{"line":30,"column":17},"end":{"line":30,"column":63}},"type":"cond-expr","locations":[{"start":{"line":30,"column":32},"end":{"line":30,"column":49}},{"start":{"line":30,"column":52},"end":{"line":30,"column":63}}],"line":30}},"s":{"0":2,"1":0,"2":0,"3":0,"4":0,"5":0,"6":0,"7":0,"8":0,"9":0,"10":0,"11":0,"12":0,"13":0,"14":0,"15":0,"16":0},"f":{"0":0,"1":0},"b":{"0":[0],"1":[0],"2":[0,0],"3":[0,0]},"_coverageSchema":"1a1c01bbd47fc00a2c39e90264f33305004495a9","hash":"fa5dc0b11f7e0179c97392cc2bca381ff438ed58"}
}
