TN:
SF:src/components/Button/Button.jsx
FN:4,(anonymous_0)
FN:16,(anonymous_1)
FNF:2
FNH:1
FNDA:1,(anonymous_0)
FNDA:0,(anonymous_1)
DA:4,1
DA:12,1
DA:16,0
LF:3
LH:2
BRDA:16,0,0,1
BRDA:16,0,1,0
BRF:2
BRH:1
end_of_record
TN:
SF:src/components/Card/Card.jsx
FN:4,(anonymous_0)
FNF:1
FNH:1
FNDA:1,(anonymous_0)
DA:4,1
DA:5,1
LF:2
LH:2
BRF:0
BRH:0
end_of_record
TN:
SF:src/components/Footer/Footer.jsx
FN:5,(anonymous_0)
FN:6,(anonymous_1)
FNF:2
FNH:2
FNDA:1,(anonymous_0)
FNDA:1,(anonymous_1)
DA:5,1
DA:6,1
DA:7,1
DA:10,1
LF:4
LH:4
BRF:0
BRH:0
end_of_record
TN:
SF:src/components/InteractiveText/InteractiveText.jsx
FN:6,InteractiveText
FN:16,(anonymous_1)
FN:29,(anonymous_2)
FN:33,(anonymous_3)
FNF:4
FNH:4
FNDA:16,InteractiveText
FNDA:5,(anonymous_1)
FNDA:5,(anonymous_2)
FNDA:8,(anonymous_3)
DA:7,16
DA:8,16
DA:9,16
DA:11,16
DA:16,16
DA:17,5
DA:18,5
DA:19,5
DA:20,5
DA:21,5
DA:22,5
DA:25,0
DA:29,16
DA:30,5
DA:33,16
DA:34,8
DA:35,4
DA:38,8
DA:39,1
DA:43,16
LF:20
LH:19
BRDA:19,0,0,5
BRDA:19,0,1,0
BRDA:19,1,0,5
BRDA:19,1,1,5
BRDA:19,1,2,5
BRDA:34,2,0,4
BRDA:34,2,1,4
BRDA:38,3,0,1
BRDA:38,3,1,7
BRDA:38,4,0,8
BRDA:38,4,1,4
BRDA:45,5,0,8
BRDA:45,5,1,8
BRDA:47,6,0,2
BRDA:47,6,1,6
BRDA:49,7,0,2
BRDA:49,7,1,4
BRDA:51,8,0,1
BRDA:51,8,1,3
BRDA:55,9,0,3
BRDA:55,9,1,2
BRF:21
BRH:20
end_of_record
TN:
SF:src/config/urls.jsx
FNF:0
FNH:0
DA:1,1
DA:2,1
DA:3,1
DA:4,1
DA:5,1
LF:5
LH:5
BRF:0
BRH:0
end_of_record
TN:
SF:src/services/useApi.jsx
FN:4,(anonymous_0)
FN:10,(anonymous_1)
FNF:2
FNH:0
FNDA:0,(anonymous_0)
FNDA:0,(anonymous_1)
DA:4,1
DA:5,0
DA:6,0
DA:7,0
DA:9,0
DA:11,0
DA:12,0
DA:14,0
DA:15,0
DA:17,0
DA:26,0
DA:27,0
DA:28,0
DA:30,0
DA:31,0
DA:32,0
DA:38,0
LF:17
LH:1
BRDA:4,0,0,0
BRDA:10,1,0,0
BRDA:22,2,0,0
BRDA:22,2,1,0
BRDA:30,3,0,0
BRDA:30,3,1,0
BRF:6
BRH:0
end_of_record
