TN:
SF:src/components/Button/Button.jsx
FN:4,(anonymous_0)
FN:16,(anonymous_1)
FNF:2
FNH:2
FNDA:31,(anonymous_0)
FNDA:1,(anonymous_1)
DA:4,3
DA:12,31
DA:16,1
LF:3
LH:3
BRDA:16,0,0,30
BRDA:16,0,1,1
BRF:2
BRH:2
end_of_record
TN:
SF:src/components/ButtonWithIcon/ButtonWithIcon.jsx
FN:4,(anonymous_0)
FNF:1
FNH:1
FNDA:2,(anonymous_0)
DA:4,1
DA:5,2
LF:2
LH:2
BRDA:10,0,0,1
BRDA:10,0,1,1
BRDA:18,1,0,2
BRDA:18,1,1,1
BRF:4
BRH:4
end_of_record
TN:
SF:src/components/Card/Card.jsx
FN:4,(anonymous_0)
FNF:1
FNH:1
FNDA:1,(anonymous_0)
DA:4,1
DA:5,1
LF:2
LH:2
BRF:0
BRH:0
end_of_record
TN:
SF:src/components/Footer/Footer.jsx
FN:5,(anonymous_0)
FN:6,(anonymous_1)
FNF:2
FNH:2
FNDA:1,(anonymous_0)
FNDA:1,(anonymous_1)
DA:5,1
DA:6,1
DA:7,1
DA:10,1
LF:4
LH:4
BRF:0
BRH:0
end_of_record
TN:
SF:src/components/InteractiveText/InteractiveText.jsx
FN:6,InteractiveText
FN:16,(anonymous_1)
FN:29,(anonymous_2)
FN:33,(anonymous_3)
FNF:4
FNH:4
FNDA:16,InteractiveText
FNDA:5,(anonymous_1)
FNDA:5,(anonymous_2)
FNDA:8,(anonymous_3)
DA:7,16
DA:8,16
DA:9,16
DA:11,16
DA:16,16
DA:17,5
DA:18,5
DA:19,5
DA:20,5
DA:21,5
DA:22,5
DA:25,0
DA:29,16
DA:30,5
DA:33,16
DA:34,8
DA:35,4
DA:38,8
DA:39,1
DA:43,16
LF:20
LH:19
BRDA:19,0,0,5
BRDA:19,0,1,0
BRDA:19,1,0,5
BRDA:19,1,1,5
BRDA:19,1,2,5
BRDA:34,2,0,4
BRDA:34,2,1,4
BRDA:38,3,0,1
BRDA:38,3,1,7
BRDA:38,4,0,8
BRDA:38,4,1,4
BRDA:45,5,0,8
BRDA:45,5,1,8
BRDA:47,6,0,2
BRDA:47,6,1,6
BRDA:49,7,0,2
BRDA:49,7,1,4
BRDA:51,8,0,1
BRDA:51,8,1,3
BRDA:55,9,0,3
BRDA:55,9,1,2
BRF:21
BRH:20
end_of_record
TN:
SF:src/config/urls.jsx
FNF:0
FNH:0
DA:1,2
DA:2,2
DA:3,2
DA:4,2
DA:5,2
LF:5
LH:5
BRF:0
BRH:0
end_of_record
TN:
SF:src/layout/Layout.jsx
FN:5,(anonymous_0)
FNF:1
FNH:1
FNDA:2,(anonymous_0)
DA:5,1
DA:6,2
DA:7,2
DA:9,2
LF:4
LH:4
BRDA:14,0,0,1
BRDA:14,0,1,1
BRF:2
BRH:2
end_of_record
TN:
SF:src/pages/EditPreferences/EditPreferences.jsx
FN:9,(anonymous_0)
FN:28,(anonymous_1)
FN:29,(anonymous_2)
FN:49,(anonymous_3)
FN:81,(anonymous_4)
FN:97,(anonymous_5)
FN:105,(anonymous_6)
FN:137,(anonymous_7)
FN:144,(anonymous_8)
FN:164,(anonymous_9)
FN:168,(anonymous_10)
FN:185,(anonymous_11)
FNF:12
FNH:9
FNDA:14,(anonymous_0)
FNDA:4,(anonymous_1)
FNDA:4,(anonymous_2)
FNDA:3,(anonymous_3)
FNDA:0,(anonymous_4)
FNDA:1,(anonymous_5)
FNDA:2,(anonymous_6)
FNDA:0,(anonymous_7)
FNDA:0,(anonymous_8)
FNDA:20,(anonymous_9)
FNDA:1,(anonymous_10)
FNDA:2,(anonymous_11)
DA:9,1
DA:10,14
DA:11,14
DA:12,14
DA:13,14
DA:14,14
DA:15,14
DA:16,14
DA:23,14
DA:28,14
DA:29,4
DA:30,4
DA:31,4
DA:32,4
DA:33,4
DA:34,4
DA:35,4
DA:41,0
DA:42,0
DA:46,4
DA:49,14
DA:50,3
DA:51,0
DA:52,0
DA:55,3
DA:56,1
DA:57,1
DA:60,2
DA:61,1
DA:62,1
DA:65,1
DA:66,1
DA:68,1
DA:69,1
DA:75,1
DA:77,1
DA:79,1
DA:80,1
DA:81,1
DA:82,0
DA:85,1
DA:86,1
DA:87,1
DA:89,0
DA:93,0
DA:97,14
DA:98,1
DA:99,0
DA:100,0
DA:103,1
DA:104,1
DA:105,2
DA:109,1
DA:113,1
DA:114,1
DA:120,1
DA:122,1
DA:124,1
DA:127,1
DA:129,0
DA:133,0
DA:137,14
DA:138,0
DA:139,0
DA:140,0
DA:144,14
DA:145,0
DA:148,14
DA:149,0
DA:152,14
DA:153,0
DA:156,14
DA:165,20
DA:168,1
DA:185,2
LF:75
LH:58
BRDA:36,0,0,4
BRDA:36,0,1,0
BRDA:50,1,0,0
BRDA:50,1,1,3
BRDA:55,2,0,1
BRDA:55,2,1,2
BRDA:60,3,0,1
BRDA:60,3,1,1
BRDA:91,4,0,0
BRDA:91,4,1,0
BRDA:93,5,0,0
BRDA:93,5,1,0
BRDA:98,6,0,0
BRDA:98,6,1,1
BRDA:109,7,0,1
BRDA:109,7,1,0
BRDA:125,8,0,1
BRDA:125,8,1,0
BRDA:131,9,0,0
BRDA:131,9,1,0
BRDA:133,10,0,0
BRDA:133,10,1,0
BRDA:138,11,0,0
BRDA:138,11,1,0
BRDA:148,12,0,0
BRDA:148,12,1,14
BRDA:152,13,0,0
BRDA:152,13,1,14
BRDA:162,14,0,10
BRDA:162,14,1,4
BRDA:201,15,0,14
BRDA:201,15,1,2
BRDA:203,16,0,0
BRDA:203,16,1,2
BRDA:218,17,0,14
BRDA:218,17,1,1
BRF:36
BRH:18
end_of_record
TN:
SF:src/services/useApi.jsx
FN:4,(anonymous_0)
FN:10,(anonymous_1)
FNF:2
FNH:0
FNDA:0,(anonymous_0)
FNDA:0,(anonymous_1)
DA:4,2
DA:5,0
DA:6,0
DA:7,0
DA:9,0
DA:11,0
DA:12,0
DA:14,0
DA:15,0
DA:17,0
DA:26,0
DA:27,0
DA:28,0
DA:30,0
DA:31,0
DA:32,0
DA:38,0
LF:17
LH:1
BRDA:4,0,0,0
BRDA:10,1,0,0
BRDA:22,2,0,0
BRDA:22,2,1,0
BRDA:30,3,0,0
BRDA:30,3,1,0
BRF:6
BRH:0
end_of_record
